### 17.08.2019 20:55:27



### 17.08.2019 20:56:14
Array
(
    [catalog] => Array
        (
            [0] => Спички
            [1] => Метла
            [2] => Ведро
        )

)



### 18.08.2019 14:35:04
Array
(
    [catalog] => Array
        (
            [0] => Спички
            [1] => Метла
            [2] => Ведро
        )

)



### 18.08.2019 14:35:06
Array
(
    [catalog] => Array
        (
            [0] => Спички
            [1] => Метла
            [2] => Ведро
        )

)



### 18.08.2019 15:02:07
Array
(
    [catalog] => Array
        (
            [0] => Спички
            [1] => Метла
            [2] => Ведро
        )

)



### 18.08.2019 15:03:30
Array
(
    [catalog] => Array
        (
            [0] => Спички
            [1] => Метла
            [2] => Ведро
        )

)



### 18.08.2019 15:03:31
Array
(
    [catalog] => Array
        (
            [0] => Спички
            [1] => Метла
            [2] => Ведро
        )

)



### 18.08.2019 15:15:29
Array
(
    [catalog] => Array
        (
            [0] => Спички
            [1] => Метла
            [2] => Ведро
        )

)



### 18.08.2019 15:15:33
Array
(
    [catalog] => Array
        (
            [0] => Спички
            [1] => Метла
            [2] => Ведро
        )

)



### 18.08.2019 15:15:35
Array
(
    [catalog] => Array
        (
            [0] => Спички
            [1] => Метла
            [2] => Ведро
        )

)



### 18.08.2019 15:15:41
Array
(
    [catalog] => Array
        (
            [0] => Спички
            [1] => Метла
            [2] => Ведро
        )

)



### 18.08.2019 15:15:46
Array
(
    [catalog] => Array
        (
            [0] => Спички
            [1] => Метла
            [2] => Ведро
        )

)



### 18.08.2019 16:05:51
Array
(
    [catalog] => Array
        (
            [0] => Спички
            [1] => Метла
            [2] => Ведро
        )

    [menu] => Array
        (
            [0] => Array
                (
                    [title] => Главная
                    [href] => /
                )

            [1] => Array
                (
                    [title] => Каталог
                    [href] => catalog
                )

            [2] => Array
                (
                    [title] => Галерея
                    [href] => gallery
                )

        )

)



### 18.08.2019 16:06:05
Array
(
    [catalog] => Array
        (
            [0] => Спички
            [1] => Метла
            [2] => Ведро
        )

    [menu] => Array
        (
            [0] => Array
                (
                    [title] => Главная
                    [href] => /
                )

            [1] => Array
                (
                    [title] => Каталог
                    [href] => catalog
                )

            [2] => Array
                (
                    [title] => Галерея
                    [href] => gallery
                )

        )

)



### 18.08.2019 16:07:57
Array
(
    [catalog] => Array
        (
            [0] => Спички
            [1] => Метла
            [2] => Ведро
        )

    [menu] => Array
        (
            [0] => Array
                (
                    [title] => Главная
                    [href] => /
                )

            [1] => Array
                (
                    [title] => Каталог
                    [href] => catalog
                )

            [2] => Array
                (
                    [title] => Галерея
                    [href] => gallery
                )

        )

)



### 18.08.2019 16:12:54
Array
(
    [catalog] => Array
        (
            [0] => Спички
            [1] => Метла
            [2] => Ведро
        )

    [menu] => Array
        (
            [0] => Array
                (
                    [title] => Главная
                    [href] => /
                )

            [1] => Array
                (
                    [title] => Каталог
                    [href] => catalog
                )

            [2] => Array
                (
                    [title] => Галерея
                    [href] => gallery
                )

        )

)



### 18.08.2019 16:18:33
Array
(
    [catalog] => Array
        (
            [0] => Спички
            [1] => Метла
            [2] => Ведро
        )

    [menu] => Array
        (
            [0] => Array
                (
                    [title] => Главная
                    [href] => /
                )

            [1] => Array
                (
                    [title] => Каталог
                    [href] => catalog
                )

            [2] => Array
                (
                    [title] => Галерея
                    [href] => gallery
                )

        )

)



### 18.08.2019 16:40:21
Array
(
    [catalog] => Array
        (
            [0] => Спички
            [1] => Метла
            [2] => Ведро
        )

    [menu] => Array
        (
            [0] => Array
                (
                    [title] => Главная
                    [href] => /
                )

            [1] => Array
                (
                    [title] => Каталог
                    [href] => catalog
                )

            [2] => Array
                (
                    [title] => Галерея
                    [href] => gallery
                )

        )

)



### 18.08.2019 16:40:34
Array
(
    [catalog] => Array
        (
            [0] => Спички
            [1] => Метла
            [2] => Ведро
        )

    [menu] => Array
        (
            [0] => Array
                (
                    [title] => Главная
                    [href] => /
                )

            [1] => Array
                (
                    [title] => Каталог
                    [href] => catalog
                )

            [2] => Array
                (
                    [title] => Галерея
                    [href] => gallery
                )

        )

)



### 18.08.2019 16:40:54
Array
(
    [catalog] => Array
        (
            [0] => Спички
            [1] => Метла
            [2] => Ведро
        )

    [menu] => Array
        (
            [0] => Array
                (
                    [title] => Главная
                    [href] => /
                )

            [1] => Array
                (
                    [title] => Каталог
                    [href] => catalog
                )

            [2] => Array
                (
                    [title] => Галерея
                    [href] => gallery
                )

        )

)



### 18.08.2019 16:40:55
Array
(
    [catalog] => Array
        (
            [0] => Спички
            [1] => Метла
            [2] => Ведро
        )

    [menu] => Array
        (
            [0] => Array
                (
                    [title] => Главная
                    [href] => /
                )

            [1] => Array
                (
                    [title] => Каталог
                    [href] => catalog
                )

            [2] => Array
                (
                    [title] => Галерея
                    [href] => gallery
                )

        )

)



### 18.08.2019 16:41:30
Array
(
    [catalog] => Array
        (
            [0] => Спички
            [1] => Метла
            [2] => Ведро
        )

    [menu] => Array
        (
            [0] => Array
                (
                    [title] => Главная
                    [href] => /
                )

            [1] => Array
                (
                    [title] => Каталог
                    [href] => catalog
                )

            [2] => Array
                (
                    [title] => Галерея
                    [href] => gallery
                )

        )

)



### 18.08.2019 16:44:10
Array
(
    [catalog] => Array
        (
            [0] => Спички
            [1] => Метла
            [2] => Ведро
        )

    [menu] => Array
        (
            [0] => Array
                (
                    [title] => Главная
                    [href] => /
                )

            [1] => Array
                (
                    [title] => Каталог
                    [href] => catalog
                )

            [2] => Array
                (
                    [title] => Галерея
                    [href] => gallery
                )

        )

)



### 18.08.2019 16:46:23
Array
(
    [catalog] => Array
        (
            [0] => Спички
            [1] => Метла
            [2] => Ведро
        )

    [menu] => Array
        (
            [0] => Array
                (
                    [title] => Главная
                    [href] => /
                )

            [1] => Array
                (
                    [title] => Каталог
                    [href] => catalog
                )

            [2] => Array
                (
                    [title] => Галерея
                    [href] => gallery
                )

        )

)



### 18.08.2019 16:49:43
Array
(
    [catalog] => Array
        (
            [0] => Спички
            [1] => Метла
            [2] => Ведро
        )

    [menu] => Array
        (
            [0] => Array
                (
                    [title] => Главная
                    [href] => /
                )

            [1] => Array
                (
                    [title] => Каталог
                    [href] => catalog
                )

            [2] => Array
                (
                    [title] => Галерея
                    [href] => gallery
                )

        )

)



